# JRE version: OpenJDK Runtime Environment (11.0.8+10) (build 11.0.8+10-b944.6842174)
# Java VM: OpenJDK 64-Bit Server VM (11.0.8+10-b944.6842174, mixed mode, tiered, compressed oops, g1 gc, windows-amd64)
Heap:
 garbage-first heap   total 239616K, used 174080K [0x0000000080000000, 0x0000000100000000)
  region size 1024K, 35 young (35840K), 1 survivors (1024K)
 Metaspace       used 133386K, capacity 136580K, committed 136752K, reserved 1169408K
  class space    used 16083K, capacity 17233K, committed 17280K, reserved 1048576K
GC Heap History (20 events):
Event: 7526.949 GC heap after
{Heap after GC invocations=124 (full 0):
 garbage-first heap   total 199680K, used 96711K [0x0000000080000000, 0x0000000100000000)
  region size 1024K, 5 young (5120K), 5 survivors (5120K)
 Metaspace       used 121460K, capacity 124179K, committed 124336K, reserved 1159168K
  class space    used 14615K, capacity 15560K, committed 15616K, reserved 1048576K
}
Event: 7532.934 GC heap before
{Heap before GC invocations=125 (full 0):
 garbage-first heap   total 199680K, used 149959K [0x0000000080000000, 0x0000000100000000)
  region size 1024K, 57 young (58368K), 5 survivors (5120K)
 Metaspace       used 121775K, capacity 124492K, committed 124592K, reserved 1159168K
  class space    used 14644K, capacity 15572K, committed 15616K, reserved 1048576K
}
Event: 7532.960 GC heap after
{Heap after GC invocations=126 (full 0):
 garbage-first heap   total 199680K, used 101835K [0x0000000080000000, 0x0000000100000000)
  region size 1024K, 8 young (8192K), 8 survivors (8192K)
 Metaspace       used 121775K, capacity 124492K, committed 124592K, reserved 1159168K
  class space    used 14644K, capacity 15572K, committed 15616K, reserved 1048576K
}
Event: 7535.479 GC heap before
{Heap before GC invocations=126 (full 0):
 garbage-first heap   total 199680K, used 132555K [0x0000000080000000, 0x0000000100000000)
  region size 1024K, 40 young (40960K), 8 survivors (8192K)
 Metaspace       used 122128K, capacity 124947K, committed 125232K, reserved 1159168K
  class space    used 14704K, capacity 15679K, committed 15744K, reserved 1048576K
}
Event: 7535.502 GC heap after
{Heap after GC invocations=127 (full 0):
 garbage-first heap   total 239616K, used 100315K [0x0000000080000000, 0x0000000100000000)
  region size 1024K, 2 young (2048K), 2 survivors (2048K)
 Metaspace       used 122128K, capacity 124947K, committed 125232K, reserved 1159168K
  class space    used 14704K, capacity 15679K, committed 15744K, reserved 1048576K
}
Event: 7546.794 GC heap before
{Heap before GC invocations=128 (full 0):
 garbage-first heap   total 239616K, used 130011K [0x0000000080000000, 0x0000000100000000)
  region size 1024K, 31 young (31744K), 2 survivors (2048K)
 Metaspace       used 122819K, capacity 125686K, committed 125872K, reserved 1159168K
  class space    used 14784K, capacity 15766K, committed 15872K, reserved 1048576K
}
Event: 7546.808 GC heap after
{Heap after GC invocations=129 (full 0):
 garbage-first heap   total 239616K, used 100965K [0x0000000080000000, 0x0000000100000000)
  region size 1024K, 3 young (3072K), 3 survivors (3072K)
 Metaspace       used 122819K, capacity 125686K, committed 125872K, reserved 1159168K
  class space    used 14784K, capacity 15766K, committed 15872K, reserved 1048576K
}
Event: 7556.842 GC heap before
{Heap before GC invocations=130 (full 0):
 garbage-first heap   total 239616K, used 166501K [0x0000000080000000, 0x0000000100000000)
  region size 1024K, 66 young (67584K), 3 survivors (3072K)
 Metaspace       used 129105K, capacity 132121K, committed 132400K, reserved 1165312K
  class space    used 15668K, capacity 16713K, committed 16768K, reserved 1048576K
}
Event: 7556.863 GC heap after
{Heap after GC invocations=131 (full 0):
 garbage-first heap   total 239616K, used 107605K [0x0000000080000000, 0x0000000100000000)
  region size 1024K, 8 young (8192K), 8 survivors (8192K)
 Metaspace       used 129105K, capacity 132121K, committed 132400K, reserved 1165312K
  class space    used 15668K, capacity 16713K, committed 16768K, reserved 1048576K
}
Event: 7559.584 GC heap before
{Heap before GC invocations=131 (full 0):
 garbage-first heap   total 239616K, used 175189K [0x0000000080000000, 0x0000000100000000)
  region size 1024K, 74 young (75776K), 8 survivors (8192K)
 Metaspace       used 130232K, capacity 133279K, committed 133424K, reserved 1165312K
  class space    used 15696K, capacity 16749K, committed 16768K, reserved 1048576K
}
Event: 7559.632 GC heap after
{Heap after GC invocations=132 (full 0):
 garbage-first heap   total 239616K, used 109083K [0x0000000080000000, 0x0000000100000000)
  region size 1024K, 2 young (2048K), 2 survivors (2048K)
 Metaspace       used 130232K, capacity 133279K, committed 133424K, reserved 1165312K
  class space    used 15696K, capacity 16749K, committed 16768K, reserved 1048576K
}
Event: 7564.900 GC heap before
{Heap before GC invocations=133 (full 0):
 garbage-first heap   total 239616K, used 176667K [0x0000000080000000, 0x0000000100000000)
  region size 1024K, 69 young (70656K), 2 survivors (2048K)
 Metaspace       used 132378K, capacity 135464K, committed 135600K, reserved 1167360K
  class space    used 15973K, capacity 17079K, committed 17152K, reserved 1048576K
}
Event: 7564.914 GC heap after
{Heap after GC invocations=134 (full 0):
 garbage-first heap   total 239616K, used 107417K [0x0000000080000000, 0x0000000100000000)
  region size 1024K, 3 young (3072K), 3 survivors (3072K)
 Metaspace       used 132378K, capacity 135464K, committed 135600K, reserved 1167360K
  class space    used 15973K, capacity 17079K, committed 17152K, reserved 1048576K
}
Event: 7568.303 GC heap before
{Heap before GC invocations=135 (full 0):
 garbage-first heap   total 239616K, used 111513K [0x0000000080000000, 0x0000000100000000)
  region size 1024K, 6 young (6144K), 3 survivors (3072K)
 Metaspace       used 132466K, capacity 135558K, committed 135856K, reserved 1167360K
  class space    used 15971K, capacity 17066K, committed 17152K, reserved 1048576K
}
Event: 7568.316 GC heap after
{Heap after GC invocations=136 (full 0):
 garbage-first heap   total 239616K, used 111891K [0x0000000080000000, 0x0000000100000000)
  region size 1024K, 4 young (4096K), 4 survivors (4096K)
 Metaspace       used 132466K, capacity 135558K, committed 135856K, reserved 1167360K
  class space    used 15971K, capacity 17066K, committed 17152K, reserved 1048576K
}
Event: 7572.409 GC heap before
{Heap before GC invocations=137 (full 0):
 garbage-first heap   total 239616K, used 167187K [0x0000000080000000, 0x0000000100000000)
  region size 1024K, 50 young (51200K), 4 survivors (4096K)
 Metaspace       used 133199K, capacity 136358K, committed 136496K, reserved 1169408K
  class space    used 16057K, capacity 17204K, committed 17280K, reserved 1048576K
}
Event: 7572.479 GC heap after
{Heap after GC invocations=138 (full 0):
 garbage-first heap   total 239616K, used 137945K [0x0000000080000000, 0x0000000100000000)
  region size 1024K, 7 young (7168K), 7 survivors (7168K)
 Metaspace       used 133199K, capacity 136358K, committed 136496K, reserved 1169408K
  class space    used 16057K, capacity 17204K, committed 17280K, reserved 1048576K
}
Event: 7572.538 GC heap before
{Heap before GC invocations=138 (full 0):
 garbage-first heap   total 239616K, used 142041K [0x0000000080000000, 0x0000000100000000)
  region size 1024K, 11 young (11264K), 7 survivors (7168K)
 Metaspace       used 133206K, capacity 136358K, committed 136496K, reserved 1169408K
  class space    used 16057K, capacity 17204K, committed 17280K, reserved 1048576K
}
Event: 7572.570 GC heap after
{Heap after GC invocations=139 (full 0):
 garbage-first heap   total 239616K, used 139264K [0x0000000080000000, 0x0000000100000000)
  region size 1024K, 2 young (2048K), 2 survivors (2048K)
 Metaspace       used 133206K, capacity 136358K, committed 136496K, reserved 1169408K
  class space    used 16057K, capacity 17204K, committed 17280K, reserved 1048576K
}
Event: 7573.224 GC heap before
{Heap before GC invocations=139 (full 0):
 garbage-first heap   total 239616K, used 173056K [0x0000000080000000, 0x0000000100000000)
  region size 1024K, 36 young (36864K), 2 survivors (2048K)
 Metaspace       used 133386K, capacity 136580K, committed 136752K, reserved 1169408K
  class space    used 16083K, capacity 17233K, committed 17280K, reserved 1048576K
}

