# JRE version: OpenJDK Runtime Environment (11.0.8+10) (build 11.0.8+10-b944.6842174)
# Java VM: OpenJDK 64-Bit Server VM (11.0.8+10-b944.6842174, mixed mode, tiered, compressed oops, g1 gc, windows-amd64)
Heap:
 garbage-first heap   total 299008K, used 133320K [0x0000000080000000, 0x0000000100000000)
  region size 1024K, 3 young (3072K), 3 survivors (3072K)
 Metaspace       used 98316K, capacity 100759K, committed 101504K, reserved 1136640K
  class space    used 12690K, capacity 13600K, committed 13952K, reserved 1048576K
GC Heap History (20 events):
Event: 65.418 GC heap after
{Heap after GC invocations=65 (full 0):
 garbage-first heap   total 138240K, used 89048K [0x0000000080000000, 0x0000000100000000)
  region size 1024K, 3 young (3072K), 3 survivors (3072K)
 Metaspace       used 96656K, capacity 99318K, committed 99456K, reserved 1134592K
  class space    used 12630K, capacity 13686K, committed 13696K, reserved 1048576K
}
Event: 67.062 GC heap before
{Heap before GC invocations=66 (full 0):
 garbage-first heap   total 138240K, used 112600K [0x0000000080000000, 0x0000000100000000)
  region size 1024K, 26 young (26624K), 3 survivors (3072K)
 Metaspace       used 96660K, capacity 99112K, committed 99968K, reserved 1136640K
  class space    used 12481K, capacity 13410K, committed 13696K, reserved 1048576K
}
Event: 67.071 GC heap after
{Heap after GC invocations=67 (full 0):
 garbage-first heap   total 138240K, used 86609K [0x0000000080000000, 0x0000000100000000)
  region size 1024K, 2 young (2048K), 2 survivors (2048K)
 Metaspace       used 96660K, capacity 99112K, committed 99968K, reserved 1136640K
  class space    used 12481K, capacity 13410K, committed 13696K, reserved 1048576K
}
Event: 67.252 GC heap before
{Heap before GC invocations=67 (full 0):
 garbage-first heap   total 138240K, used 90705K [0x0000000080000000, 0x0000000100000000)
  region size 1024K, 6 young (6144K), 2 survivors (2048K)
 Metaspace       used 96705K, capacity 99185K, committed 99968K, reserved 1136640K
  class space    used 12485K, capacity 13412K, committed 13696K, reserved 1048576K
}
Event: 67.260 GC heap after
{Heap after GC invocations=68 (full 0):
 garbage-first heap   total 138240K, used 85911K [0x0000000080000000, 0x0000000100000000)
  region size 1024K, 1 young (1024K), 1 survivors (1024K)
 Metaspace       used 96705K, capacity 99185K, committed 99968K, reserved 1136640K
  class space    used 12485K, capacity 13412K, committed 13696K, reserved 1048576K
}
Event: 68.385 GC heap before
{Heap before GC invocations=68 (full 0):
 garbage-first heap   total 138240K, used 115607K [0x0000000080000000, 0x0000000100000000)
  region size 1024K, 26 young (26624K), 1 survivors (1024K)
 Metaspace       used 97143K, capacity 99641K, committed 100352K, reserved 1136640K
  class space    used 12522K, capacity 13448K, committed 13824K, reserved 1048576K
}
Event: 68.395 GC heap after
{Heap after GC invocations=69 (full 0):
 garbage-first heap   total 138240K, used 92327K [0x0000000080000000, 0x0000000100000000)
  region size 1024K, 3 young (3072K), 3 survivors (3072K)
 Metaspace       used 97143K, capacity 99641K, committed 100352K, reserved 1136640K
  class space    used 12522K, capacity 13448K, committed 13824K, reserved 1048576K
}
Event: 69.024 GC heap before
{Heap before GC invocations=70 (full 0):
 garbage-first heap   total 138240K, used 124071K [0x0000000080000000, 0x0000000100000000)
  region size 1024K, 25 young (25600K), 3 survivors (3072K)
 Metaspace       used 97301K, capacity 99821K, committed 100608K, reserved 1136640K
  class space    used 12529K, capacity 13443K, committed 13824K, reserved 1048576K
}
Event: 69.059 GC heap after
{Heap after GC invocations=71 (full 0):
 garbage-first heap   total 138240K, used 107518K [0x0000000080000000, 0x0000000100000000)
  region size 1024K, 4 young (4096K), 4 survivors (4096K)
 Metaspace       used 97301K, capacity 99821K, committed 100608K, reserved 1136640K
  class space    used 12529K, capacity 13443K, committed 13824K, reserved 1048576K
}
Event: 69.076 GC heap before
{Heap before GC invocations=71 (full 0):
 garbage-first heap   total 138240K, used 109566K [0x0000000080000000, 0x0000000100000000)
  region size 1024K, 6 young (6144K), 4 survivors (4096K)
 Metaspace       used 97301K, capacity 99821K, committed 100608K, reserved 1136640K
  class space    used 12529K, capacity 13443K, committed 13824K, reserved 1048576K
}
Event: 69.127 GC heap after
{Heap after GC invocations=72 (full 0):
 garbage-first heap   total 138240K, used 99069K [0x0000000080000000, 0x0000000100000000)
  region size 1024K, 1 young (1024K), 1 survivors (1024K)
 Metaspace       used 97301K, capacity 99821K, committed 100608K, reserved 1136640K
  class space    used 12529K, capacity 13443K, committed 13824K, reserved 1048576K
}
Event: 69.579 GC heap before
{Heap before GC invocations=72 (full 0):
 garbage-first heap   total 138240K, used 113405K [0x0000000080000000, 0x0000000100000000)
  region size 1024K, 15 young (15360K), 1 survivors (1024K)
 Metaspace       used 98113K, capacity 100541K, committed 101248K, reserved 1136640K
  class space    used 12688K, capacity 13598K, committed 13952K, reserved 1048576K
}
Event: 69.614 GC heap after
{Heap after GC invocations=73 (full 0):
 garbage-first heap   total 179200K, used 106193K [0x0000000080000000, 0x0000000100000000)
  region size 1024K, 2 young (2048K), 2 survivors (2048K)
 Metaspace       used 98113K, capacity 100541K, committed 101248K, reserved 1136640K
  class space    used 12688K, capacity 13598K, committed 13952K, reserved 1048576K
}
Event: 70.663 GC heap before
{Heap before GC invocations=74 (full 0):
 garbage-first heap   total 179200K, used 132817K [0x0000000080000000, 0x0000000100000000)
  region size 1024K, 29 young (29696K), 2 survivors (2048K)
 Metaspace       used 98183K, capacity 100676K, committed 101504K, reserved 1136640K
  class space    used 12688K, capacity 13598K, committed 13952K, reserved 1048576K
}
Event: 70.739 GC heap after
{Heap after GC invocations=75 (full 0):
 garbage-first heap   total 179200K, used 122714K [0x0000000080000000, 0x0000000100000000)
  region size 1024K, 4 young (4096K), 4 survivors (4096K)
 Metaspace       used 98183K, capacity 100676K, committed 101504K, reserved 1136640K
  class space    used 12688K, capacity 13598K, committed 13952K, reserved 1048576K
}
Event: 70.848 GC heap before
{Heap before GC invocations=75 (full 0):
 garbage-first heap   total 179200K, used 126810K [0x0000000080000000, 0x0000000100000000)
  region size 1024K, 8 young (8192K), 4 survivors (4096K)
 Metaspace       used 98183K, capacity 100676K, committed 101504K, reserved 1136640K
  class space    used 12688K, capacity 13598K, committed 13952K, reserved 1048576K
}
Event: 70.896 GC heap after
{Heap after GC invocations=76 (full 0):
 garbage-first heap   total 179200K, used 122368K [0x0000000080000000, 0x0000000100000000)
  region size 1024K, 1 young (1024K), 1 survivors (1024K)
 Metaspace       used 98183K, capacity 100676K, committed 101504K, reserved 1136640K
  class space    used 12688K, capacity 13598K, committed 13952K, reserved 1048576K
}
Event: 71.428 GC heap before
{Heap before GC invocations=76 (full 0):
 garbage-first heap   total 179200K, used 139776K [0x0000000080000000, 0x0000000100000000)
  region size 1024K, 18 young (18432K), 1 survivors (1024K)
 Metaspace       used 98263K, capacity 100757K, committed 101504K, reserved 1136640K
  class space    used 12690K, capacity 13600K, committed 13952K, reserved 1048576K
}
Event: 71.462 GC heap after
{Heap after GC invocations=77 (full 0):
 garbage-first heap   total 179200K, used 128326K [0x0000000080000000, 0x0000000100000000)
  region size 1024K, 3 young (3072K), 3 survivors (3072K)
 Metaspace       used 98263K, capacity 100757K, committed 101504K, reserved 1136640K
  class space    used 12690K, capacity 13600K, committed 13952K, reserved 1048576K
}
Event: 71.880 GC heap before
{Heap before GC invocations=77 (full 0):
 garbage-first heap   total 179200K, used 143686K [0x0000000080000000, 0x0000000100000000)
  region size 1024K, 18 young (18432K), 3 survivors (3072K)
 Metaspace       used 98316K, capacity 100759K, committed 101504K, reserved 1136640K
  class space    used 12690K, capacity 13600K, committed 13952K, reserved 1048576K
}

