# JRE version: OpenJDK Runtime Environment (11.0.8+10) (build 11.0.8+10-b944.6842174)
# Java VM: OpenJDK 64-Bit Server VM (11.0.8+10-b944.6842174, mixed mode, tiered, compressed oops, g1 gc, windows-amd64)
Heap:
 garbage-first heap   total 274432K, used 125299K [0x0000000080000000, 0x0000000100000000)
  region size 1024K, 44 young (45056K), 1 survivors (1024K)
 Metaspace       used 92590K, capacity 94944K, committed 94976K, reserved 1132544K
  class space    used 11951K, capacity 12769K, committed 12800K, reserved 1048576K
GC Heap History (20 events):
Event: 50.284 GC heap before
{Heap before GC invocations=51 (full 0):
 garbage-first heap   total 165888K, used 127488K [0x0000000080000000, 0x0000000100000000)
  region size 1024K, 16 young (16384K), 3 survivors (3072K)
 Metaspace       used 89635K, capacity 91839K, committed 92160K, reserved 1128448K
  class space    used 11685K, capacity 12465K, committed 12544K, reserved 1048576K
}
Event: 50.310 GC heap after
{Heap after GC invocations=52 (full 0):
 garbage-first heap   total 165888K, used 117749K [0x0000000080000000, 0x0000000100000000)
  region size 1024K, 2 young (2048K), 2 survivors (2048K)
 Metaspace       used 89635K, capacity 91839K, committed 92160K, reserved 1128448K
  class space    used 11685K, capacity 12465K, committed 12544K, reserved 1048576K
}
Event: 50.549 GC heap before
{Heap before GC invocations=52 (full 0):
 garbage-first heap   total 165888K, used 123893K [0x0000000080000000, 0x0000000100000000)
  region size 1024K, 8 young (8192K), 2 survivors (2048K)
 Metaspace       used 89769K, capacity 91948K, committed 92160K, reserved 1128448K
  class space    used 11701K, capacity 12479K, committed 12544K, reserved 1048576K
}
Event: 50.583 GC heap after
{Heap after GC invocations=53 (full 0):
 garbage-first heap   total 228352K, used 114373K [0x0000000080000000, 0x0000000100000000)
  region size 1024K, 1 young (1024K), 1 survivors (1024K)
 Metaspace       used 89769K, capacity 91948K, committed 92160K, reserved 1128448K
  class space    used 11701K, capacity 12479K, committed 12544K, reserved 1048576K
}
Event: 51.420 GC heap before
{Heap before GC invocations=53 (full 0):
 garbage-first heap   total 228352K, used 136901K [0x0000000080000000, 0x0000000100000000)
  region size 1024K, 24 young (24576K), 1 survivors (1024K)
 Metaspace       used 90038K, capacity 92216K, committed 92416K, reserved 1128448K
  class space    used 11722K, capacity 12520K, committed 12544K, reserved 1048576K
}
Event: 51.441 GC heap after
{Heap after GC invocations=54 (full 0):
 garbage-first heap   total 228352K, used 116554K [0x0000000080000000, 0x0000000100000000)
  region size 1024K, 4 young (4096K), 4 survivors (4096K)
 Metaspace       used 90038K, capacity 92216K, committed 92416K, reserved 1128448K
  class space    used 11722K, capacity 12520K, committed 12544K, reserved 1048576K
}
Event: 52.805 GC heap before
{Heap before GC invocations=55 (full 0):
 garbage-first heap   total 228352K, used 138058K [0x0000000080000000, 0x0000000100000000)
  region size 1024K, 25 young (25600K), 4 survivors (4096K)
 Metaspace       used 90276K, capacity 92521K, committed 92672K, reserved 1130496K
  class space    used 11744K, capacity 12533K, committed 12544K, reserved 1048576K
}
Event: 52.842 GC heap after
{Heap after GC invocations=56 (full 0):
 garbage-first heap   total 228352K, used 120418K [0x0000000080000000, 0x0000000100000000)
  region size 1024K, 5 young (5120K), 5 survivors (5120K)
 Metaspace       used 90276K, capacity 92521K, committed 92672K, reserved 1130496K
  class space    used 11744K, capacity 12533K, committed 12544K, reserved 1048576K
}
Event: 53.894 GC heap before
{Heap before GC invocations=57 (full 0):
 garbage-first heap   total 228352K, used 146018K [0x0000000080000000, 0x0000000100000000)
  region size 1024K, 30 young (30720K), 5 survivors (5120K)
 Metaspace       used 90476K, capacity 92719K, committed 93056K, reserved 1130496K
  class space    used 11767K, capacity 12576K, committed 12672K, reserved 1048576K
}
Event: 53.926 GC heap after
{Heap after GC invocations=58 (full 0):
 garbage-first heap   total 228352K, used 126592K [0x0000000080000000, 0x0000000100000000)
  region size 1024K, 6 young (6144K), 6 survivors (6144K)
 Metaspace       used 90476K, capacity 92719K, committed 93056K, reserved 1130496K
  class space    used 11767K, capacity 12576K, committed 12672K, reserved 1048576K
}
Event: 54.879 GC heap before
{Heap before GC invocations=59 (full 0):
 garbage-first heap   total 228352K, used 160384K [0x0000000080000000, 0x0000000100000000)
  region size 1024K, 38 young (38912K), 6 survivors (6144K)
 Metaspace       used 90616K, capacity 92870K, committed 93056K, reserved 1130496K
  class space    used 11774K, capacity 12582K, committed 12672K, reserved 1048576K
}
Event: 54.927 GC heap after
{Heap after GC invocations=60 (full 0):
 garbage-first heap   total 274432K, used 133796K [0x0000000080000000, 0x0000000100000000)
  region size 1024K, 6 young (6144K), 6 survivors (6144K)
 Metaspace       used 90616K, capacity 92870K, committed 93056K, reserved 1130496K
  class space    used 11774K, capacity 12582K, committed 12672K, reserved 1048576K
}
Event: 80.335 GC heap before
{Heap before GC invocations=61 (full 0):
 garbage-first heap   total 274432K, used 189092K [0x0000000080000000, 0x0000000100000000)
  region size 1024K, 56 young (57344K), 6 survivors (6144K)
 Metaspace       used 91487K, capacity 93803K, committed 93952K, reserved 1130496K
  class space    used 11861K, capacity 12688K, committed 12800K, reserved 1048576K
}
Event: 80.354 GC heap after
{Heap after GC invocations=62 (full 0):
 garbage-first heap   total 274432K, used 132704K [0x0000000080000000, 0x0000000100000000)
  region size 1024K, 5 young (5120K), 5 survivors (5120K)
 Metaspace       used 91487K, capacity 93803K, committed 93952K, reserved 1130496K
  class space    used 11861K, capacity 12688K, committed 12800K, reserved 1048576K
}
Event: 81.748 GC heap before
{Heap before GC invocations=62 (full 0):
 garbage-first heap   total 274432K, used 179808K [0x0000000080000000, 0x0000000100000000)
  region size 1024K, 53 young (54272K), 5 survivors (5120K)
 Metaspace       used 92495K, capacity 94816K, committed 94976K, reserved 1132544K
  class space    used 11947K, capacity 12769K, committed 12800K, reserved 1048576K
}
Event: 81.759 GC heap after
{Heap after GC invocations=63 (full 0):
 garbage-first heap   total 274432K, used 130978K [0x0000000080000000, 0x0000000100000000)
  region size 1024K, 1 young (1024K), 1 survivors (1024K)
 Metaspace       used 92495K, capacity 94816K, committed 94976K, reserved 1132544K
  class space    used 11947K, capacity 12769K, committed 12800K, reserved 1048576K
}
Event: 83.026 GC heap before
{Heap before GC invocations=64 (full 0):
 garbage-first heap   total 274432K, used 166818K [0x0000000080000000, 0x0000000100000000)
  region size 1024K, 65 young (66560K), 1 survivors (1024K)
 Metaspace       used 92586K, capacity 94944K, committed 94976K, reserved 1132544K
  class space    used 11951K, capacity 12769K, committed 12800K, reserved 1048576K
}
Event: 83.036 GC heap after
{Heap after GC invocations=65 (full 0):
 garbage-first heap   total 274432K, used 106018K [0x0000000080000000, 0x0000000100000000)
  region size 1024K, 6 young (6144K), 6 survivors (6144K)
 Metaspace       used 92586K, capacity 94944K, committed 94976K, reserved 1132544K
  class space    used 11951K, capacity 12769K, committed 12800K, reserved 1048576K
}
Event: 83.163 GC heap before
{Heap before GC invocations=65 (full 0):
 garbage-first heap   total 274432K, used 113186K [0x0000000080000000, 0x0000000100000000)
  region size 1024K, 13 young (13312K), 6 survivors (6144K)
 Metaspace       used 92587K, capacity 94944K, committed 94976K, reserved 1132544K
  class space    used 11951K, capacity 12769K, committed 12800K, reserved 1048576K
}
Event: 83.170 GC heap after
{Heap after GC invocations=66 (full 0):
 garbage-first heap   total 274432K, used 82291K [0x0000000080000000, 0x0000000100000000)
  region size 1024K, 1 young (1024K), 1 survivors (1024K)
 Metaspace       used 92587K, capacity 94944K, committed 94976K, reserved 1132544K
  class space    used 11951K, capacity 12769K, committed 12800K, reserved 1048576K
}

