# JRE version: OpenJDK Runtime Environment (11.0.8+10) (build 11.0.8+10-b944.6842174)
# Java VM: OpenJDK 64-Bit Server VM (11.0.8+10-b944.6842174, mixed mode, tiered, compressed oops, g1 gc, windows-amd64)
Heap:
 garbage-first heap   total 286720K, used 141188K [0x0000000080000000, 0x0000000100000000)
  region size 1024K, 7 young (7168K), 7 survivors (7168K)
 Metaspace       used 87963K, capacity 90208K, committed 90496K, reserved 1128448K
  class space    used 11501K, capacity 12294K, committed 12416K, reserved 1048576K
GC Heap History (20 events):
Event: 65.188 GC heap after
{Heap after GC invocations=61 (full 0):
 garbage-first heap   total 138240K, used 69431K [0x0000000080000000, 0x0000000100000000)
  region size 1024K, 6 young (6144K), 6 survivors (6144K)
 Metaspace       used 80323K, capacity 82189K, committed 82304K, reserved 1120256K
  class space    used 10374K, capacity 11036K, committed 11136K, reserved 1048576K
}
Event: 66.223 GC heap before
{Heap before GC invocations=62 (full 0):
 garbage-first heap   total 138240K, used 79671K [0x0000000080000000, 0x0000000100000000)
  region size 1024K, 16 young (16384K), 6 survivors (6144K)
 Metaspace       used 82516K, capacity 84584K, committed 84608K, reserved 1122304K
  class space    used 10695K, capacity 11390K, committed 11392K, reserved 1048576K
}
Event: 66.239 GC heap after
{Heap after GC invocations=63 (full 0):
 garbage-first heap   total 138240K, used 71509K [0x0000000080000000, 0x0000000100000000)
  region size 1024K, 4 young (4096K), 4 survivors (4096K)
 Metaspace       used 82516K, capacity 84584K, committed 84608K, reserved 1122304K
  class space    used 10695K, capacity 11390K, committed 11392K, reserved 1048576K
}
Event: 67.003 GC heap before
{Heap before GC invocations=64 (full 0):
 garbage-first heap   total 138240K, used 109397K [0x0000000080000000, 0x0000000100000000)
  region size 1024K, 34 young (34816K), 4 survivors (4096K)
 Metaspace       used 82894K, capacity 84976K, committed 85248K, reserved 1122304K
  class space    used 10743K, capacity 11456K, committed 11520K, reserved 1048576K
}
Event: 67.042 GC heap after
{Heap after GC invocations=65 (full 0):
 garbage-first heap   total 165888K, used 87675K [0x0000000080000000, 0x0000000100000000)
  region size 1024K, 5 young (5120K), 5 survivors (5120K)
 Metaspace       used 82894K, capacity 84976K, committed 85248K, reserved 1122304K
  class space    used 10743K, capacity 11456K, committed 11520K, reserved 1048576K
}
Event: 68.362 GC heap before
{Heap before GC invocations=65 (full 0):
 garbage-first heap   total 165888K, used 120443K [0x0000000080000000, 0x0000000100000000)
  region size 1024K, 37 young (37888K), 5 survivors (5120K)
 Metaspace       used 84860K, capacity 86917K, committed 87168K, reserved 1124352K
  class space    used 11104K, capacity 11824K, committed 11904K, reserved 1048576K
}
Event: 68.449 GC heap after
{Heap after GC invocations=66 (full 0):
 garbage-first heap   total 165888K, used 103686K [0x0000000080000000, 0x0000000100000000)
  region size 1024K, 5 young (5120K), 5 survivors (5120K)
 Metaspace       used 84860K, capacity 86917K, committed 87168K, reserved 1124352K
  class space    used 11104K, capacity 11824K, committed 11904K, reserved 1048576K
}
Event: 69.783 GC heap before
{Heap before GC invocations=67 (full 0):
 garbage-first heap   total 165888K, used 124166K [0x0000000080000000, 0x0000000100000000)
  region size 1024K, 26 young (26624K), 5 survivors (5120K)
 Metaspace       used 86151K, capacity 88230K, committed 88320K, reserved 1126400K
  class space    used 11271K, capacity 12003K, committed 12032K, reserved 1048576K
}
Event: 69.843 GC heap after
{Heap after GC invocations=68 (full 0):
 garbage-first heap   total 165888K, used 114688K [0x0000000080000000, 0x0000000100000000)
  region size 1024K, 4 young (4096K), 4 survivors (4096K)
 Metaspace       used 86151K, capacity 88230K, committed 88320K, reserved 1126400K
  class space    used 11271K, capacity 12003K, committed 12032K, reserved 1048576K
}
Event: 70.640 GC heap before
{Heap before GC invocations=68 (full 0):
 garbage-first heap   total 165888K, used 130048K [0x0000000080000000, 0x0000000100000000)
  region size 1024K, 20 young (20480K), 4 survivors (4096K)
 Metaspace       used 87149K, capacity 89385K, committed 89600K, reserved 1126400K
  class space    used 11441K, capacity 12249K, committed 12288K, reserved 1048576K
}
Event: 70.665 GC heap after
{Heap after GC invocations=69 (full 0):
 garbage-first heap   total 165888K, used 118784K [0x0000000080000000, 0x0000000100000000)
  region size 1024K, 3 young (3072K), 3 survivors (3072K)
 Metaspace       used 87149K, capacity 89385K, committed 89600K, reserved 1126400K
  class space    used 11441K, capacity 12249K, committed 12288K, reserved 1048576K
}
Event: 71.481 GC heap before
{Heap before GC invocations=69 (full 0):
 garbage-first heap   total 165888K, used 129024K [0x0000000080000000, 0x0000000100000000)
  region size 1024K, 18 young (18432K), 3 survivors (3072K)
 Metaspace       used 87377K, capacity 89574K, committed 89856K, reserved 1126400K
  class space    used 11452K, capacity 12240K, committed 12288K, reserved 1048576K
}
Event: 71.517 GC heap after
{Heap after GC invocations=70 (full 0):
 garbage-first heap   total 238592K, used 117047K [0x0000000080000000, 0x0000000100000000)
  region size 1024K, 2 young (2048K), 2 survivors (2048K)
 Metaspace       used 87377K, capacity 89574K, committed 89856K, reserved 1126400K
  class space    used 11452K, capacity 12240K, committed 12288K, reserved 1048576K
}
Event: 71.862 GC heap before
{Heap before GC invocations=71 (full 0):
 garbage-first heap   total 238592K, used 123191K [0x0000000080000000, 0x0000000100000000)
  region size 1024K, 10 young (10240K), 2 survivors (2048K)
 Metaspace       used 87384K, capacity 89575K, committed 89856K, reserved 1126400K
  class space    used 11452K, capacity 12240K, committed 12288K, reserved 1048576K
}
Event: 71.886 GC heap after
{Heap after GC invocations=72 (full 0):
 garbage-first heap   total 238592K, used 117552K [0x0000000080000000, 0x0000000100000000)
  region size 1024K, 3 young (3072K), 3 survivors (3072K)
 Metaspace       used 87384K, capacity 89575K, committed 89856K, reserved 1126400K
  class space    used 11452K, capacity 12240K, committed 12288K, reserved 1048576K
}
Event: 73.104 GC heap before
{Heap before GC invocations=73 (full 0):
 garbage-first heap   total 238592K, used 137008K [0x0000000080000000, 0x0000000100000000)
  region size 1024K, 22 young (22528K), 3 survivors (3072K)
 Metaspace       used 87607K, capacity 89824K, committed 89984K, reserved 1126400K
  class space    used 11470K, capacity 12276K, committed 12416K, reserved 1048576K
}
Event: 73.136 GC heap after
{Heap after GC invocations=74 (full 0):
 garbage-first heap   total 238592K, used 121610K [0x0000000080000000, 0x0000000100000000)
  region size 1024K, 5 young (5120K), 5 survivors (5120K)
 Metaspace       used 87607K, capacity 89824K, committed 89984K, reserved 1126400K
  class space    used 11470K, capacity 12276K, committed 12416K, reserved 1048576K
}
Event: 74.350 GC heap before
{Heap before GC invocations=75 (full 0):
 garbage-first heap   total 238592K, used 148234K [0x0000000080000000, 0x0000000100000000)
  region size 1024K, 31 young (31744K), 5 survivors (5120K)
 Metaspace       used 87803K, capacity 90054K, committed 90240K, reserved 1126400K
  class space    used 11492K, capacity 12287K, committed 12416K, reserved 1048576K
}
Event: 74.385 GC heap after
{Heap after GC invocations=76 (full 0):
 garbage-first heap   total 238592K, used 127778K [0x0000000080000000, 0x0000000100000000)
  region size 1024K, 7 young (7168K), 7 survivors (7168K)
 Metaspace       used 87803K, capacity 90054K, committed 90240K, reserved 1126400K
  class space    used 11492K, capacity 12287K, committed 12416K, reserved 1048576K
}
Event: 75.563 GC heap before
{Heap before GC invocations=77 (full 0):
 garbage-first heap   total 238592K, used 182050K [0x0000000080000000, 0x0000000100000000)
  region size 1024K, 52 young (53248K), 7 survivors (7168K)
 Metaspace       used 87963K, capacity 90208K, committed 90496K, reserved 1128448K
  class space    used 11501K, capacity 12294K, committed 12416K, reserved 1048576K
}

